<?xml version="1.0" encoding="UTF-8"?>
<!-- Generated by org.testng.reporters.JUnitReportReporter -->
<testsuite hostname="LAPTOP-U7CJ0AMP" failures="0" tests="4" name="com.automationpractice.qa.testcases.SearchResultsPageTest" time="8.841" errors="0" timestamp="2020-10-14T19:10:28 IST" skipped="0">
  <testcase classname="com.automationpractice.qa.testcases.SearchResultsPageTest" name="searchForDress" time="0.921"/>
  <system-out/>
  <testcase classname="com.automationpractice.qa.testcases.SearchResultsPageTest" name="addToCart" time="2.751"/>
  <system-out/>
  <testcase classname="com.automationpractice.qa.testcases.SearchResultsPageTest" name="clickProceedToCart" time="2.065"/>
  <system-out/>
  <testcase classname="com.automationpractice.qa.testcases.SearchResultsPageTest" name="increaseTheCartQuantity" time="3.104"/>
  <system-out/>
</testsuite> <!-- com.automationpractice.qa.testcases.SearchResultsPageTest -->
