<?xml version="1.0" encoding="UTF-8"?>
<!-- Generated by org.testng.reporters.JUnitReportReporter -->
<testsuite hostname="LAPTOP-U7CJ0AMP" failures="0" tests="4" name="com.automationpractice.qa.testcases.ContactUsPageTest" time="132.101" errors="0" timestamp="2020-10-15T15:59:57 IST" skipped="0">
  <testcase classname="com.automationpractice.qa.testcases.ContactUsPageTest" name="selectSubjectHeading" time="28.985"/>
  <system-out/>
  <testcase classname="com.automationpractice.qa.testcases.ContactUsPageTest" name="fillOutTheForm" time="35.819"/>
  <system-out/>
  <testcase classname="com.automationpractice.qa.testcases.ContactUsPageTest" name="fillOutTheForm" time="31.886"/>
  <system-out/>
  <testcase classname="com.automationpractice.qa.testcases.ContactUsPageTest" name="fillOutTheForm" time="35.411"/>
  <system-out/>
</testsuite> <!-- com.automationpractice.qa.testcases.ContactUsPageTest -->
