<?xml version="1.0" encoding="UTF-8"?>
<!-- Generated by org.testng.reporters.JUnitReportReporter -->
<testsuite hostname="LAPTOP-U7CJ0AMP" failures="0" tests="1" name="com.automationpractice.qa.testcases.ContactUsPageTest" time="12.967" errors="0" timestamp="2020-10-14T15:57:58 IST" skipped="0">
  <testcase classname="com.automationpractice.qa.testcases.ContactUsPageTest" name="selectSubjectHeading" time="12.967"/>
  <system-out/>
</testsuite> <!-- com.automationpractice.qa.testcases.ContactUsPageTest -->
