<?xml version="1.0" encoding="UTF-8"?>
<!-- Generated by org.testng.reporters.JUnitReportReporter -->
<testsuite hostname="LAPTOP-U7CJ0AMP" failures="0" tests="2" name="com.automationpractice.qa.testcases.HomePageTest" time="26.124" errors="0" timestamp="2020-10-14T19:10:28 IST" skipped="0">
  <testcase classname="com.automationpractice.qa.testcases.HomePageTest" name="searchBoxTest" time="13.466"/>
  <system-out/>
  <testcase classname="com.automationpractice.qa.testcases.HomePageTest" name="contactUsTest" time="12.658"/>
  <system-out/>
</testsuite> <!-- com.automationpractice.qa.testcases.HomePageTest -->
