<?xml version="1.0" encoding="UTF-8"?>
<!-- Generated by org.testng.reporters.JUnitReportReporter -->
<testsuite hostname="LAPTOP-U7CJ0AMP" failures="0" tests="2" name="com.automationpractice.qa.testcases.HomePageTest" time="44.326" errors="0" timestamp="2020-10-15T00:05:11 IST" skipped="0">
  <testcase classname="com.automationpractice.qa.testcases.HomePageTest" name="searchBoxTest" time="21.659"/>
  <system-out/>
  <testcase classname="com.automationpractice.qa.testcases.HomePageTest" name="contactUsTest" time="22.667"/>
  <system-out/>
</testsuite> <!-- com.automationpractice.qa.testcases.HomePageTest -->
