<?xml version="1.0" encoding="UTF-8"?>
<!-- Generated by org.testng.reporters.JUnitReportReporter -->
<testsuite hostname="LAPTOP-U7CJ0AMP" failures="0" tests="4" name="com.automationpractice.qa.testcases.SearchResultsPageTest" time="8.660" errors="0" timestamp="2020-10-14T16:04:03 IST" skipped="0">
  <testcase classname="com.automationpractice.qa.testcases.SearchResultsPageTest" name="searchForDress" time="2.267"/>
  <system-out/>
  <testcase classname="com.automationpractice.qa.testcases.SearchResultsPageTest" name="addToCart" time="1.317"/>
  <system-out/>
  <testcase classname="com.automationpractice.qa.testcases.SearchResultsPageTest" name="clickProceedToCart" time="1.968"/>
  <system-out/>
  <testcase classname="com.automationpractice.qa.testcases.SearchResultsPageTest" name="increaseTheCartQuantity" time="3.108"/>
  <system-out/>
</testsuite> <!-- com.automationpractice.qa.testcases.SearchResultsPageTest -->
