<?xml version="1.0" encoding="UTF-8"?>
<!-- Generated by org.testng.reporters.JUnitReportReporter -->
<testsuite hostname="LAPTOP-U7CJ0AMP" failures="0" tests="4" name="com.automationpractice.qa.testcases.ContactUsPageTest" time="59.320" errors="0" timestamp="2020-10-14T18:40:37 IST" skipped="0">
  <testcase classname="com.automationpractice.qa.testcases.ContactUsPageTest" name="selectSubjectHeading" time="13.734"/>
  <system-out/>
  <testcase classname="com.automationpractice.qa.testcases.ContactUsPageTest" name="fillOutTheForm" time="14.752"/>
  <system-out/>
  <testcase classname="com.automationpractice.qa.testcases.ContactUsPageTest" name="fillOutTheForm" time="14.324"/>
  <system-out/>
  <testcase classname="com.automationpractice.qa.testcases.ContactUsPageTest" name="fillOutTheForm" time="16.510"/>
  <system-out/>
</testsuite> <!-- com.automationpractice.qa.testcases.ContactUsPageTest -->
