<?xml version="1.0" encoding="UTF-8"?>
<!-- Generated by org.testng.reporters.JUnitReportReporter -->
<testsuite hostname="LAPTOP-U7CJ0AMP" failures="0" tests="4" name="com.automationpractice.qa.testcases.SearchResultsPageTest" time="19.821" errors="0" timestamp="2020-10-15T16:02:28 IST" skipped="0">
  <testcase classname="com.automationpractice.qa.testcases.SearchResultsPageTest" name="searchForDress" time="4.916"/>
  <system-out/>
  <testcase classname="com.automationpractice.qa.testcases.SearchResultsPageTest" name="addToCart" time="4.500"/>
  <system-out/>
  <testcase classname="com.automationpractice.qa.testcases.SearchResultsPageTest" name="clickProceedToCart" time="7.304"/>
  <system-out/>
  <testcase classname="com.automationpractice.qa.testcases.SearchResultsPageTest" name="increaseTheCartQuantity" time="3.101"/>
  <system-out/>
</testsuite> <!-- com.automationpractice.qa.testcases.SearchResultsPageTest -->
