<?xml version="1.0" encoding="UTF-8"?>
<!-- Generated by org.testng.reporters.JUnitReportReporter -->
<testsuite hostname="LAPTOP-U7CJ0AMP" failures="0" tests="2" name="com.automationpractice.qa.testcases.HomePageTest" time="24.686" errors="0" timestamp="2020-10-14T01:32:52 IST" skipped="0">
  <testcase classname="com.automationpractice.qa.testcases.HomePageTest" name="searchBoxTest" time="12.830"/>
  <system-out/>
  <testcase classname="com.automationpractice.qa.testcases.HomePageTest" name="contactUsTest" time="11.856"/>
  <system-out/>
</testsuite> <!-- com.automationpractice.qa.testcases.HomePageTest -->
