<?xml version="1.0" encoding="UTF-8"?>
<!-- Generated by org.testng.reporters.JUnitReportReporter -->
<testsuite hostname="LAPTOP-U7CJ0AMP" failures="0" tests="4" name="com.automationpractice.qa.testcases.ContactUsPageTest" time="57.315" errors="0" timestamp="2020-10-14T19:12:32 IST" skipped="0">
  <testcase classname="com.automationpractice.qa.testcases.ContactUsPageTest" name="selectSubjectHeading" time="15.455"/>
  <system-out/>
  <testcase classname="com.automationpractice.qa.testcases.ContactUsPageTest" name="fillOutTheForm" time="14.291"/>
  <system-out/>
  <testcase classname="com.automationpractice.qa.testcases.ContactUsPageTest" name="fillOutTheForm" time="13.710"/>
  <system-out/>
  <testcase classname="com.automationpractice.qa.testcases.ContactUsPageTest" name="fillOutTheForm" time="13.859"/>
  <system-out/>
</testsuite> <!-- com.automationpractice.qa.testcases.ContactUsPageTest -->
